<?xml version="1.0" encoding="UTF-8"?>
<!-- Generated by org.testng.reporters.JUnitXMLReporter -->
<testsuite ignored="0" hostname="DESKTOP-JF3CUIR" failures="0" tests="5" name="Command line test" time="3.044" errors="0" timestamp="2023-03-09T05:27:50 IST">
  <testcase classname="rest.publicapi.calls.DeleteResourcesTest" name="deleteResurcesCall" time="1.473"/>
  <testcase classname="rest.publicapi.calls.GetResourcesTest" name="getResourcesApi" time="0.089"/>
  <testcase classname="rest.publicapi.calls.PatchResourcesTest" name="patchResourcesCall" time="0.407"/>
  <testcase classname="rest.publicapi.calls.PostResponseTest" name="postResponseCall" time="0.44"/>
  <testcase classname="rest.publicapi.calls.PutResourcesTest" name="putResourcesCall" time="0.407"/>
</testsuite> <!-- Command line test -->
