<?xml version="1.0" encoding="UTF-8"?>
<!-- Generated by org.testng.reporters.JUnitXMLReporter -->
<testsuite ignored="0" hostname="DESKTOP-JF3CUIR" failures="0" tests="5" name="all types of request Testing" time="3.815" errors="0" timestamp="2023-02-25T15:55:39 IST">
  <testcase classname="rest.publicapi.calls.DeleteResources" name="deleteResurcesCall" time="1.784"/>
  <testcase classname="rest.publicapi.calls.GetResources" name="getResourcesApi" time="0.102"/>
  <testcase classname="rest.publicapi.calls.PatchResources" name="patchResourcesCall" time="0.424"/>
  <testcase classname="rest.publicapi.calls.PostResponse" name="postResponseCall" time="0.428"/>
  <testcase classname="rest.publicapi.calls.PutResources" name="putResourcesCall" time="0.433"/>
</testsuite> <!-- all types of request Testing -->
