<?xml version="1.0" encoding="UTF-8"?>
<testsuite xmlns:xsi="http://www.w3.org/2001/XMLSchema-instance" xsi:noNamespaceSchemaLocation="https://maven.apache.org/surefire/maven-surefire-plugin/xsd/surefire-test-report.xsd" name="TestSuite" time="3.598" tests="5" errors="0" skipped="0" failures="0">
  <properties>
[...]
</properties>
  <testcase name="deleteResurcesCall" classname="rest.publicapi.calls.DeleteResourcesTest" time="1.743"/>
  <testcase name="getResourcesApi" classname="rest.publicapi.calls.GetResourcesTest" time="0.096"/>
  <testcase name="patchResourcesCall" classname="rest.publicapi.calls.PatchResourcesTest" time="0.407"/>
  <testcase name="postResponseCall" classname="rest.publicapi.calls.PostResponseTest" time="0.424"/>
  <testcase name="putResourcesCall" classname="rest.publicapi.calls.PutResourcesTest" time="0.389"/>
</testsuite>