<?xml version="1.0" encoding="UTF-8"?>
<testng-results ignored="0" total="5" passed="5" failed="0" skipped="0">
  <reporter-output>
  </reporter-output>
  <suite started-at="2023-03-09T05:29:19 IST" name="Surefire suite" finished-at="2023-03-09T05:29:22 IST" duration-ms="3267">
    <groups>
    </groups>
    <test started-at="2023-03-09T05:29:19 IST" name="Surefire test" finished-at="2023-03-09T05:29:22 IST" duration-ms="3267">
      <class name="rest.publicapi.calls.GetResourcesTest">
        <test-method signature="getResourcesApi()[pri:0, instance:rest.publicapi.calls.GetResourcesTest@1ebd319f]" started-at="2023-03-09T05:29:21 IST" name="getResourcesApi" finished-at="2023-03-09T05:29:21 IST" duration-ms="96" status="PASS">
          <reporter-output>
          </reporter-output>
        </test-method> <!-- getResourcesApi -->
      </class> <!-- rest.publicapi.calls.GetResourcesTest -->
      <class name="rest.publicapi.calls.PutResourcesTest">
        <test-method signature="putResourcesCall()[pri:0, instance:rest.publicapi.calls.PutResourcesTest@7a675056]" started-at="2023-03-09T05:29:22 IST" name="putResourcesCall" finished-at="2023-03-09T05:29:22 IST" duration-ms="389" status="PASS">
          <reporter-output>
          </reporter-output>
        </test-method> <!-- putResourcesCall -->
      </class> <!-- rest.publicapi.calls.PutResourcesTest -->
      <class name="rest.publicapi.calls.PatchResourcesTest">
        <test-method signature="patchResourcesCall()[pri:0, instance:rest.publicapi.calls.PatchResourcesTest@3c0be339]" started-at="2023-03-09T05:29:21 IST" name="patchResourcesCall" finished-at="2023-03-09T05:29:21 IST" duration-ms="408" status="PASS">
          <reporter-output>
          </reporter-output>
        </test-method> <!-- patchResourcesCall -->
      </class> <!-- rest.publicapi.calls.PatchResourcesTest -->
      <class name="rest.publicapi.calls.PostResponseTest">
        <test-method signature="postResponseCall()[pri:0, instance:rest.publicapi.calls.PostResponseTest@15ca7889]" started-at="2023-03-09T05:29:21 IST" name="postResponseCall" finished-at="2023-03-09T05:29:22 IST" duration-ms="424" status="PASS">
          <reporter-output>
          </reporter-output>
        </test-method> <!-- postResponseCall -->
      </class> <!-- rest.publicapi.calls.PostResponseTest -->
      <class name="rest.publicapi.calls.DeleteResourcesTest">
        <test-method is-config="true" signature="setupReport()[pri:0, instance:rest.publicapi.calls.DeleteResourcesTest@2d2ffcb7]" started-at="2023-03-09T05:29:19 IST" name="setupReport" finished-at="2023-03-09T05:29:19 IST" duration-ms="176" status="PASS">
          <reporter-output>
          </reporter-output>
        </test-method> <!-- setupReport -->
        <test-method signature="deleteResurcesCall()[pri:0, instance:rest.publicapi.calls.DeleteResourcesTest@2d2ffcb7]" started-at="2023-03-09T05:29:19 IST" name="deleteResurcesCall" finished-at="2023-03-09T05:29:21 IST" duration-ms="1741" status="PASS">
          <reporter-output>
          </reporter-output>
        </test-method> <!-- deleteResurcesCall -->
        <test-method is-config="true" signature="generateTestReport()[pri:0, instance:rest.publicapi.calls.DeleteResourcesTest@2d2ffcb7]" started-at="2023-03-09T05:29:22 IST" name="generateTestReport" finished-at="2023-03-09T05:29:22 IST" duration-ms="0" status="PASS">
          <reporter-output>
          </reporter-output>
        </test-method> <!-- generateTestReport -->
      </class> <!-- rest.publicapi.calls.DeleteResourcesTest -->
    </test> <!-- Surefire test -->
  </suite> <!-- Surefire suite -->
</testng-results>
